[lab2-worker-events] worker started
[lab2-worker-events] settings: api=http://localhost:3000, exchange=mzinga_events_durable, queue=communications-email-worker, routing_key=HOOKSURL_COMMUNICATIONS_AFTERCHANGE
[lab2-worker-events] authenticated to mzinga api
[lab2-worker-events] connected to rabbitmq
[lab2-worker-events] prefetch set to 1
[lab2-worker-events] consumer ready (exchange=mzinga_events_durable, queue=communications-email-worker, routing_key=HOOKSURL_COMMUNICATIONS_AFTERCHANGE)
[lab2-worker-events] received create event for 69f48ea6ff43921e056ae0ad
[lab2-worker-events] 69f48ea6ff43921e056ae0ad set to processing
[lab2-worker-events] 69f48ea6ff43921e056ae0ad sent
[lab2-worker-events] received create event for 69f48ed7ff43921e056ae0d6
[lab2-worker-events] 69f48ed7ff43921e056ae0d6 set to processing
[lab2-worker-events] 69f48ed7ff43921e056ae0d6 sent
[lab2-worker-events] received create event for 69f49296ae5d75c340c6f7e6
[lab2-worker-events] 69f49296ae5d75c340c6f7e6 set to processing
[lab2-worker-events] 69f49296ae5d75c340c6f7e6 sent
[lab2-worker-events] received create event for 69f4941650d34beee4e8916f
[lab2-worker-events] 69f4941650d34beee4e8916f set to processing
[lab2-worker-events] 69f4941650d34beee4e8916f sent
[lab2-worker-events] received create event for 69f4952750d34beee4e89274
[lab2-worker-events] 69f4952750d34beee4e89274 already sent, skipping
[lab2-worker-events] skip update event
[lab2-worker-events] skip update event
[lab2-worker-events] skip update event
[lab2-worker-events] received create event for 69f495d9e28e88554e66d887
[lab2-worker-events] 69f495d9e28e88554e66d887 set to processing
[lab2-worker-events] 69f495d9e28e88554e66d887 sent
[lab2-worker-events] skip update event
[lab2-worker-events] skip update event
[lab2-worker-events] received create event for 69f4965ab456c822eeb5e20f
[lab2-worker-events] 69f4965ab456c822eeb5e20f already sent, skipping
[lab2-worker-events] received create event for 69f4965ab456c822eeb5e20f
[lab2-worker-events] 69f4965ab456c822eeb5e20f already sent, skipping
[lab2-worker-events] skip update event
[lab2-worker-events] skip update event
[lab2-worker-events] skip update event
[lab2-worker-events] skip update event
[lab2-worker-events] skip update event
[lab2-worker-events] skip update event
[lab2-worker-events] skip update event
[lab2-worker-events] skip update event
[lab2-worker-events] skip update event
[lab2-worker-events] skip update event
[lab2-worker-events] skip update event
[lab2-worker-events] skip update event
[lab2-worker-events] skip update event
[lab2-worker-events] skip update event
[lab2-worker-events] skip update event
[lab2-worker-events] skip update event
[lab2-worker-events] skip update event
[lab2-worker-events] skip update event
[lab2-worker-events] received create event for 69f496a859b9821416eebeee
[lab2-worker-events] 69f496a859b9821416eebeee already sent, skipping
[lab2-worker-events] received create event for 69f496a859b9821416eebeee
[lab2-worker-events] 69f496a859b9821416eebeee already sent, skipping
[lab2-worker-events] skip update event
[lab2-worker-events] skip update event
[lab2-worker-events] skip update event
[lab2-worker-events] skip update event
[lab2-worker-events] skip update event
[lab2-worker-events] skip update event
[lab2-worker-events] skip update event
[lab2-worker-events] skip update event
[lab2-worker-events] skip update event
[lab2-worker-events] skip update event
[lab2-worker-events] received create event for 69f498e56f33ba66d85b1046
[lab2-worker-events] 69f498e56f33ba66d85b1046 already sent, skipping
[lab2-worker-events] received create event for 69f498e56f33ba66d85b1046
[lab2-worker-events] 69f498e56f33ba66d85b1046 already sent, skipping
[lab2-worker-events] skip update event
[lab2-worker-events] skip update event
[lab2-worker-events] skip update event
[lab2-worker-events] skip update event
[lab2-worker-events] skip update event
[lab2-worker-events] skip update event
[lab2-worker-events] skip update event
[lab2-worker-events] skip update event
[lab2-worker-events] skip update event
[lab2-worker-events] skip update event
[lab2-worker-events] skip update event
[lab2-worker-events] skip update event
[lab2-worker-events] skip update event
[lab2-worker-events] skip update event
[lab2-worker-events] skip update event
[lab2-worker-events] skip update event
[lab2-worker-events] skip update event
[lab2-worker-events] skip update event
[lab2-worker-events] skip update event
[lab2-worker-events] skip update event
[lab2-worker-events] skip update event
[lab2-worker-events] skip update event
[lab2-worker-events] skip update event
[lab2-worker-events] skip update event
[lab2-worker-events] skip update event
[lab2-worker-events] skip update event
[lab2-worker-events] received create event for 69f498f46f33ba66d85b10af
[lab2-worker-events] 69f498f46f33ba66d85b10af set to processing
[lab2-worker-events] 69f498f46f33ba66d85b10af sent
[lab2-worker-events] received create event for 69f498f46f33ba66d85b10af
[lab2-worker-events] 69f498f46f33ba66d85b10af already sent, skipping
[lab2-worker-events] skip update event
[lab2-worker-events] skip update event
[lab2-worker-events] skip update event
[lab2-worker-events] skip update event
